TaskManagementApp/app/build/intermediates/manifest_merge_blame_file/debug/processDebugMainManifest/manifest-merger-blame-debug-report.txt
1<?xml version="1.0" encoding="utf-8"?>
2<manifest xmlns:android="http://schemas.android.com/apk/res/android"
3    package="com.example.taskmanagementapp"
4    android:versionCode="1"
5    android:versionName="1.0" >
6
7    <uses-sdk
8        android:minSdkVersion="24"
9        android:targetSdkVersion="35" />
10
11    <uses-permission android:name="android.permission.WAKE_LOCK" />
11-->[androidx.work:work-runtime:2.10.1] AndroidManifest.xml:23:5-68
11-->[androidx.work:work-runtime:2.10.1] AndroidManifest.xml:23:22-65
12    <uses-permission android:name="android.permission.ACCESS_NETWORK_STATE" />
12-->[androidx.work:work-runtime:2.10.1] AndroidManifest.xml:24:5-79
12-->[androidx.work:work-runtime:2.10.1] AndroidManifest.xml:24:22-76
13    <uses-permission android:name="android.permission.RECEIVE_BOOT_COMPLETED" />
13-->[androidx.work:work-runtime:2.10.1] AndroidManifest.xml:25:5-81
13-->[androidx.work:work-runtime:2.10.1] AndroidManifest.xml:25:22-78
14    <uses-permission android:name="android.permission.FOREGROUND_SERVICE" />
14-->[androidx.work:work-runtime:2.10.1] AndroidManifest.xml:26:5-77
14-->[androidx.work:work-runtime:2.10.1] AndroidManifest.xml:26:22-74
15
16    <permission
16-->[androidx.core:core:1.13.1] AndroidManifest.xml:22:5-24:47
17        android:name="com.example.taskmanagementapp.DYNAMIC_RECEIVER_NOT_EXPORTED_PERMISSION"
17-->[androidx.core:core:1.13.1] AndroidManifest.xml:23:9-81
18        android:protectionLevel="signature" />
18-->[androidx.core:core:1.13.1] AndroidManifest.xml:24:9-44
19
20    <uses-permission android:name="com.example.taskmanagementapp.DYNAMIC_RECEIVER_NOT_EXPORTED_PERMISSION" />
20-->[androidx.core:core:1.13.1] AndroidManifest.xml:26:5-97
20-->[androidx.core:core:1.13.1] AndroidManifest.xml:26:22-94
21
22    <application
22-->src/main/AndroidManifest.xml:5:5-26:19
23        android:allowBackup="true"
23-->src/main/AndroidManifest.xml:6:9-35
24        android:appComponentFactory="androidx.core.app.CoreComponentFactory"
24-->[androidx.core:core:1.13.1] AndroidManifest.xml:28:18-86
25        android:dataExtractionRules="@xml/data_extraction_rules"
25-->src/main/AndroidManifest.xml:7:9-65
26        android:debuggable="true"
27        android:extractNativeLibs="false"
28        android:fullBackupContent="@xml/backup_rules"
28-->src/main/AndroidManifest.xml:8:9-54
29        android:icon="@mipmap/ic_launcher"
29-->src/main/AndroidManifest.xml:9:9-43
30        android:label="@string/app_name"
30-->src/main/AndroidManifest.xml:10:9-41
31        android:roundIcon="@mipmap/ic_launcher_round"
31-->src/main/AndroidManifest.xml:11:9-54
32        android:supportsRtl="true"
32-->src/main/AndroidManifest.xml:12:9-35
33        android:testOnly="true"
34        android:theme="@style/Theme.TaskManagementApp" >
34-->src/main/AndroidManifest.xml:13:9-55
35        <activity
35-->src/main/AndroidManifest.xml:15:9-25:20
36            android:name="com.example.taskmanagementapp.MainActivity"
36-->src/main/AndroidManifest.xml:16:13-41
37            android:exported="true"
37-->src/main/AndroidManifest.xml:17:13-36
38            android:label="@string/app_name"
38-->src/main/AndroidManifest.xml:18:13-45
39            android:theme="@style/Theme.TaskManagementApp" >
39-->src/main/AndroidManifest.xml:19:13-59
40            <intent-filter>
40-->src/main/AndroidManifest.xml:20:13-24:29
41                <action android:name="android.intent.action.MAIN" />
41-->src/main/AndroidManifest.xml:21:17-69
41-->src/main/AndroidManifest.xml:21:25-66
42
43                <category android:name="android.intent.category.LAUNCHER" />
43-->src/main/AndroidManifest.xml:23:17-77
43-->src/main/AndroidManifest.xml:23:27-74
44            </intent-filter>
45        </activity>
46        <activity
46-->[androidx.compose.ui:ui-tooling-android:1.8.2] AndroidManifest.xml:23:9-25:39
47            android:name="androidx.compose.ui.tooling.PreviewActivity"
47-->[androidx.compose.ui:ui-tooling-android:1.8.2] AndroidManifest.xml:24:13-71
48            android:exported="true" />
48-->[androidx.compose.ui:ui-tooling-android:1.8.2] AndroidManifest.xml:25:13-36
49        <activity
49-->[androidx.compose.ui:ui-test-manifest:1.8.2] AndroidManifest.xml:23:9-26:79
50            android:name="androidx.activity.ComponentActivity"
50-->[androidx.compose.ui:ui-test-manifest:1.8.2] AndroidManifest.xml:24:13-63
51            android:exported="true"
51-->[androidx.compose.ui:ui-test-manifest:1.8.2] AndroidManifest.xml:25:13-36
52            android:theme="@android:style/Theme.Material.Light.NoActionBar" />
52-->[androidx.compose.ui:ui-test-manifest:1.8.2] AndroidManifest.xml:26:13-76
53
54        <provider
54-->[androidx.work:work-runtime:2.10.1] AndroidManifest.xml:29:9-37:20
55            android:name="androidx.startup.InitializationProvider"
55-->[androidx.work:work-runtime:2.10.1] AndroidManifest.xml:30:13-67
56            android:authorities="com.example.taskmanagementapp.androidx-startup"
56-->[androidx.work:work-runtime:2.10.1] AndroidManifest.xml:31:13-68
57            android:exported="false" >
57-->[androidx.work:work-runtime:2.10.1] AndroidManifest.xml:32:13-37
58            <meta-data
58-->[androidx.work:work-runtime:2.10.1] AndroidManifest.xml:34:13-36:52
59                android:name="androidx.work.WorkManagerInitializer"
59-->[androidx.work:work-runtime:2.10.1] AndroidManifest.xml:35:17-68
60                android:value="androidx.startup" />
60-->[androidx.work:work-runtime:2.10.1] AndroidManifest.xml:36:17-49
61            <meta-data
61-->[androidx.emoji2:emoji2:1.4.0] AndroidManifest.xml:29:13-31:52
62                android:name="androidx.emoji2.text.EmojiCompatInitializer"
62-->[androidx.emoji2:emoji2:1.4.0] AndroidManifest.xml:30:17-75
63                android:value="androidx.startup" />
63-->[androidx.emoji2:emoji2:1.4.0] AndroidManifest.xml:31:17-49
64            <meta-data
64-->[androidx.lifecycle:lifecycle-process:2.9.0] AndroidManifest.xml:29:13-31:52
65                android:name="androidx.lifecycle.ProcessLifecycleInitializer"
65-->[androidx.lifecycle:lifecycle-process:2.9.0] AndroidManifest.xml:30:17-78
66                android:value="androidx.startup" />
66-->[androidx.lifecycle:lifecycle-process:2.9.0] AndroidManifest.xml:31:17-49
67            <meta-data
67-->[androidx.profileinstaller:profileinstaller:1.4.0] AndroidManifest.xml:29:13-31:52
68                android:name="androidx.profileinstaller.ProfileInstallerInitializer"
68-->[androidx.profileinstaller:profileinstaller:1.4.0] AndroidManifest.xml:30:17-85
69                android:value="androidx.startup" />
69-->[androidx.profileinstaller:profileinstaller:1.4.0] AndroidManifest.xml:31:17-49
70        </provider>
71
72        <service
72-->[androidx.work:work-runtime:2.10.1] AndroidManifest.xml:39:9-45:35
73            android:name="androidx.work.impl.background.systemalarm.SystemAlarmService"
73-->[androidx.work:work-runtime:2.10.1] AndroidManifest.xml:40:13-88
74            android:directBootAware="false"
74-->[androidx.work:work-runtime:2.10.1] AndroidManifest.xml:41:13-44
75            android:enabled="@bool/enable_system_alarm_service_default"
75-->[androidx.work:work-runtime:2.10.1] AndroidManifest.xml:42:13-72
76            android:exported="false" />
76-->[androidx.work:work-runtime:2.10.1] AndroidManifest.xml:43:13-37
77        <service
77-->[androidx.work:work-runtime:2.10.1] AndroidManifest.xml:46:9-52:35
78            android:name="androidx.work.impl.background.systemjob.SystemJobService"
78-->[androidx.work:work-runtime:2.10.1] AndroidManifest.xml:47:13-84
79            android:directBootAware="false"
79-->[androidx.work:work-runtime:2.10.1] AndroidManifest.xml:48:13-44
80            android:enabled="@bool/enable_system_job_service_default"
80-->[androidx.work:work-runtime:2.10.1] AndroidManifest.xml:49:13-70
81            android:exported="true"
81-->[androidx.work:work-runtime:2.10.1] AndroidManifest.xml:50:13-36
82            android:permission="android.permission.BIND_JOB_SERVICE" />
82-->[androidx.work:work-runtime:2.10.1] AndroidManifest.xml:51:13-69
83        <service
83-->[androidx.work:work-runtime:2.10.1] AndroidManifest.xml:53:9-59:35
84            android:name="androidx.work.impl.foreground.SystemForegroundService"
84-->[androidx.work:work-runtime:2.10.1] AndroidManifest.xml:54:13-81
85            android:directBootAware="false"
85-->[androidx.work:work-runtime:2.10.1] AndroidManifest.xml:55:13-44
86            android:enabled="@bool/enable_system_foreground_service_default"
86-->[androidx.work:work-runtime:2.10.1] AndroidManifest.xml:56:13-77
87            android:exported="false" />
87-->[androidx.work:work-runtime:2.10.1] AndroidManifest.xml:57:13-37
88
89        <receiver
89-->[androidx.work:work-runtime:2.10.1] AndroidManifest.xml:61:9-66:35
90            android:name="androidx.work.impl.utils.ForceStopRunnable$BroadcastReceiver"
90-->[androidx.work:work-runtime:2.10.1] AndroidManifest.xml:62:13-88
91            android:directBootAware="false"
91-->[androidx.work:work-runtime:2.10.1] AndroidManifest.xml:63:13-44
92            android:enabled="true"
92-->[androidx.work:work-runtime:2.10.1] AndroidManifest.xml:64:13-35
93            android:exported="false" />
93-->[androidx.work:work-runtime:2.10.1] AndroidManifest.xml:65:13-37
94        <receiver
94-->[androidx.work:work-runtime:2.10.1] AndroidManifest.xml:67:9-77:20
95            android:name="androidx.work.impl.background.systemalarm.ConstraintProxy$BatteryChargingProxy"
95-->[androidx.work:work-runtime:2.10.1] AndroidManifest.xml:68:13-106
96            android:directBootAware="false"
96-->[androidx.work:work-runtime:2.10.1] AndroidManifest.xml:69:13-44
97            android:enabled="false"
97-->[androidx.work:work-runtime:2.10.1] AndroidManifest.xml:70:13-36
98            android:exported="false" >
98-->[androidx.work:work-runtime:2.10.1] AndroidManifest.xml:71:13-37
99            <intent-filter>
99-->[androidx.work:work-runtime:2.10.1] AndroidManifest.xml:73:13-76:29
100                <action android:name="android.intent.action.ACTION_POWER_CONNECTED" />
100-->[androidx.work:work-runtime:2.10.1] AndroidManifest.xml:74:17-87
100-->[androidx.work:work-runtime:2.10.1] AndroidManifest.xml:74:25-84
101                <action android:name="android.intent.action.ACTION_POWER_DISCONNECTED" />
101-->[androidx.work:work-runtime:2.10.1] AndroidManifest.xml:75:17-90
101-->[androidx.work:work-runtime:2.10.1] AndroidManifest.xml:75:25-87
102            </intent-filter>
103        </receiver>
104        <receiver
104-->[androidx.work:work-runtime:2.10.1] AndroidManifest.xml:78:9-88:20
105            android:name="androidx.work.impl.background.systemalarm.ConstraintProxy$BatteryNotLowProxy"
105-->[androidx.work:work-runtime:2.10.1] AndroidManifest.xml:79:13-104
106            android:directBootAware="false"
106-->[androidx.work:work-runtime:2.10.1] AndroidManifest.xml:80:13-44
107            android:enabled="false"
107-->[androidx.work:work-runtime:2.10.1] AndroidManifest.xml:81:13-36
108            android:exported="false" >
108-->[androidx.work:work-runtime:2.10.1] AndroidManifest.xml:82:13-37
109            <intent-filter>
109-->[androidx.work:work-runtime:2.10.1] AndroidManifest.xml:84:13-87:29
110                <action android:name="android.intent.action.BATTERY_OKAY" />
110-->[androidx.work:work-runtime:2.10.1] AndroidManifest.xml:85:17-77
110-->[androidx.work:work-runtime:2.10.1] AndroidManifest.xml:85:25-74
111                <action android:name="android.intent.action.BATTERY_LOW" />
111-->[androidx.work:work-runtime:2.10.1] AndroidManifest.xml:86:17-76
111-->[androidx.work:work-runtime:2.10.1] AndroidManifest.xml:86:25-73
112            </intent-filter>
113        </receiver>
114        <receiver
114-->[androidx.work:work-runtime:2.10.1] AndroidManifest.xml:89:9-99:20
115            android:name="androidx.work.impl.background.systemalarm.ConstraintProxy$StorageNotLowProxy"
115-->[androidx.work:work-runtime:2.10.1] AndroidManifest.xml:90:13-104
116            android:directBootAware="false"
116-->[androidx.work:work-runtime:2.10.1] AndroidManifest.xml:91:13-44
117            android:enabled="false"
117-->[androidx.work:work-runtime:2.10.1] AndroidManifest.xml:92:13-36
118            android:exported="false" >
118-->[androidx.work:work-runtime:2.10.1] AndroidManifest.xml:93:13-37
119            <intent-filter>
119-->[androidx.work:work-runtime:2.10.1] AndroidManifest.xml:95:13-98:29
120                <action android:name="android.intent.action.DEVICE_STORAGE_LOW" />
120-->[androidx.work:work-runtime:2.10.1] AndroidManifest.xml:96:17-83
120-->[androidx.work:work-runtime:2.10.1] AndroidManifest.xml:96:25-80
121                <action android:name="android.intent.action.DEVICE_STORAGE_OK" />
121-->[androidx.work:work-runtime:2.10.1] AndroidManifest.xml:97:17-82
121-->[androidx.work:work-runtime:2.10.1] AndroidManifest.xml:97:25-79
122            </intent-filter>
123        </receiver>
124        <receiver
124-->[androidx.work:work-runtime:2.10.1] AndroidManifest.xml:100:9-109:20
125            android:name="androidx.work.impl.background.systemalarm.ConstraintProxy$NetworkStateProxy"
125-->[androidx.work:work-runtime:2.10.1] AndroidManifest.xml:101:13-103
126            android:directBootAware="false"
126-->[androidx.work:work-runtime:2.10.1] AndroidManifest.xml:102:13-44
127            android:enabled="false"
127-->[androidx.work:work-runtime:2.10.1] AndroidManifest.xml:103:13-36
128            android:exported="false" >
128-->[androidx.work:work-runtime:2.10.1] AndroidManifest.xml:104:13-37
129            <intent-filter>
129-->[androidx.work:work-runtime:2.10.1] AndroidManifest.xml:106:13-108:29
130                <action android:name="android.net.conn.CONNECTIVITY_CHANGE" />
130-->[androidx.work:work-runtime:2.10.1] AndroidManifest.xml:107:17-79
130-->[androidx.work:work-runtime:2.10.1] AndroidManifest.xml:107:25-76
131            </intent-filter>
132        </receiver>
133        <receiver
133-->[androidx.work:work-runtime:2.10.1] AndroidManifest.xml:110:9-121:20
134            android:name="androidx.work.impl.background.systemalarm.RescheduleReceiver"
134-->[androidx.work:work-runtime:2.10.1] AndroidManifest.xml:111:13-88
135            android:directBootAware="false"
135-->[androidx.work:work-runtime:2.10.1] AndroidManifest.xml:112:13-44
136            android:enabled="false"
136-->[androidx.work:work-runtime:2.10.1] AndroidManifest.xml:113:13-36
137            android:exported="false" >
137-->[androidx.work:work-runtime:2.10.1] AndroidManifest.xml:114:13-37
138            <intent-filter>
138-->[androidx.work:work-runtime:2.10.1] AndroidManifest.xml:116:13-120:29
139                <action android:name="android.intent.action.BOOT_COMPLETED" />
139-->[androidx.work:work-runtime:2.10.1] AndroidManifest.xml:117:17-79
139-->[androidx.work:work-runtime:2.10.1] AndroidManifest.xml:117:25-76
140                <action android:name="android.intent.action.TIME_SET" />
140-->[androidx.work:work-runtime:2.10.1] AndroidManifest.xml:118:17-73
140-->[androidx.work:work-runtime:2.10.1] AndroidManifest.xml:118:25-70
141                <action android:name="android.intent.action.TIMEZONE_CHANGED" />
141-->[androidx.work:work-runtime:2.10.1] AndroidManifest.xml:119:17-81
141-->[androidx.work:work-runtime:2.10.1] AndroidManifest.xml:119:25-78
142            </intent-filter>
143        </receiver>
144        <receiver
144-->[androidx.work:work-runtime:2.10.1] AndroidManifest.xml:122:9-131:20
145            android:name="androidx.work.impl.background.systemalarm.ConstraintProxyUpdateReceiver"
145-->[androidx.work:work-runtime:2.10.1] AndroidManifest.xml:123:13-99
146            android:directBootAware="false"
146-->[androidx.work:work-runtime:2.10.1] AndroidManifest.xml:124:13-44
147            android:enabled="@bool/enable_system_alarm_service_default"
147-->[androidx.work:work-runtime:2.10.1] AndroidManifest.xml:125:13-72
148            android:exported="false" >
148-->[androidx.work:work-runtime:2.10.1] AndroidManifest.xml:126:13-37
149            <intent-filter>
149-->[androidx.work:work-runtime:2.10.1] AndroidManifest.xml:128:13-130:29
150                <action android:name="androidx.work.impl.background.systemalarm.UpdateProxies" />
150-->[androidx.work:work-runtime:2.10.1] AndroidManifest.xml:129:17-98
150-->[androidx.work:work-runtime:2.10.1] AndroidManifest.xml:129:25-95
151            </intent-filter>
152        </receiver>
153        <receiver
153-->[androidx.work:work-runtime:2.10.1] AndroidManifest.xml:132:9-142:20
154            android:name="androidx.work.impl.diagnostics.DiagnosticsReceiver"
154-->[androidx.work:work-runtime:2.10.1] AndroidManifest.xml:133:13-78
155            android:directBootAware="false"
155-->[androidx.work:work-runtime:2.10.1] AndroidManifest.xml:134:13-44
156            android:enabled="true"
156-->[androidx.work:work-runtime:2.10.1] AndroidManifest.xml:135:13-35
157            android:exported="true"
157-->[androidx.work:work-runtime:2.10.1] AndroidManifest.xml:136:13-36
158            android:permission="android.permission.DUMP" >
158-->[androidx.work:work-runtime:2.10.1] AndroidManifest.xml:137:13-57
159            <intent-filter>
159-->[androidx.work:work-runtime:2.10.1] AndroidManifest.xml:139:13-141:29
160                <action android:name="androidx.work.diagnostics.REQUEST_DIAGNOSTICS" />
160-->[androidx.work:work-runtime:2.10.1] AndroidManifest.xml:140:17-88
160-->[androidx.work:work-runtime:2.10.1] AndroidManifest.xml:140:25-85
161            </intent-filter>
162        </receiver>
163
164        <service
164-->[androidx.room:room-runtime-android:2.7.1] AndroidManifest.xml:24:9-28:63
165            android:name="androidx.room.MultiInstanceInvalidationService"
165-->[androidx.room:room-runtime-android:2.7.1] AndroidManifest.xml:25:13-74
166            android:directBootAware="true"
166-->[androidx.room:room-runtime-android:2.7.1] AndroidManifest.xml:26:13-43
167            android:exported="false" />
167-->[androidx.room:room-runtime-android:2.7.1] AndroidManifest.xml:27:13-37
168
169        <uses-library
169-->[androidx.window:window:1.0.0] AndroidManifest.xml:25:9-27:40
170            android:name="androidx.window.extensions"
170-->[androidx.window:window:1.0.0] AndroidManifest.xml:26:13-54
171            android:required="false" />
171-->[androidx.window:window:1.0.0] AndroidManifest.xml:27:13-37
172        <uses-library
172-->[androidx.window:window:1.0.0] AndroidManifest.xml:28:9-30:40
173            android:name="androidx.window.sidecar"
173-->[androidx.window:window:1.0.0] AndroidManifest.xml:29:13-51
174            android:required="false" />
174-->[androidx.window:window:1.0.0] AndroidManifest.xml:30:13-37
175
176        <receiver
176-->[androidx.profileinstaller:profileinstaller:1.4.0] AndroidManifest.xml:34:9-52:20
177            android:name="androidx.profileinstaller.ProfileInstallReceiver"
177-->[androidx.profileinstaller:profileinstaller:1.4.0] AndroidManifest.xml:35:13-76
178            android:directBootAware="false"
178-->[androidx.profileinstaller:profileinstaller:1.4.0] AndroidManifest.xml:36:13-44
179            android:enabled="true"
179-->[androidx.profileinstaller:profileinstaller:1.4.0] AndroidManifest.xml:37:13-35
180            android:exported="true"
180-->[androidx.profileinstaller:profileinstaller:1.4.0] AndroidManifest.xml:38:13-36
181            android:permission="android.permission.DUMP" >
181-->[androidx.profileinstaller:profileinstaller:1.4.0] AndroidManifest.xml:39:13-57
182            <intent-filter>
182-->[androidx.profileinstaller:profileinstaller:1.4.0] AndroidManifest.xml:40:13-42:29
183                <action android:name="androidx.profileinstaller.action.INSTALL_PROFILE" />
183-->[androidx.profileinstaller:profileinstaller:1.4.0] AndroidManifest.xml:41:17-91
183-->[androidx.profileinstaller:profileinstaller:1.4.0] AndroidManifest.xml:41:25-88
184            </intent-filter>
185            <intent-filter>
185-->[androidx.profileinstaller:profileinstaller:1.4.0] AndroidManifest.xml:43:13-45:29
186                <action android:name="androidx.profileinstaller.action.SKIP_FILE" />
186-->[androidx.profileinstaller:profileinstaller:1.4.0] AndroidManifest.xml:44:17-85
186-->[androidx.profileinstaller:profileinstaller:1.4.0] AndroidManifest.xml:44:25-82
187            </intent-filter>
188            <intent-filter>
188-->[androidx.profileinstaller:profileinstaller:1.4.0] AndroidManifest.xml:46:13-48:29
189                <action android:name="androidx.profileinstaller.action.SAVE_PROFILE" />
189-->[androidx.profileinstaller:profileinstaller:1.4.0] AndroidManifest.xml:47:17-88
189-->[androidx.profileinstaller:profileinstaller:1.4.0] AndroidManifest.xml:47:25-85
190            </intent-filter>
191            <intent-filter>
191-->[androidx.profileinstaller:profileinstaller:1.4.0] AndroidManifest.xml:49:13-51:29
192                <action android:name="androidx.profileinstaller.action.BENCHMARK_OPERATION" />
192-->[androidx.profileinstaller:profileinstaller:1.4.0] AndroidManifest.xml:50:17-95
192-->[androidx.profileinstaller:profileinstaller:1.4.0] AndroidManifest.xml:50:25-92
193            </intent-filter>
194        </receiver>
195    </application>
196
197</manifest>